+ run_main config.sh input_sra_list.txt
+ '[' 2 -ne 2 ']'
+ local config_file=config.sh
+ local input_list_fq=input_sra_list.txt
+ '[' '!' -f config.sh ']'
+ '[' '!' -s config.sh ']'
+ '[' '!' -f input_sra_list.txt ']'
+ '[' '!' -s input_sra_list.txt ']'
+ source config.sh
++ PIPE_DIR=/home/hanat/WorkStations/chip_seq_bash
++ INPUT_DIR=/home/hanat/ncbi/public/sra
++ OUTPUT_DIR=/home/hanat/WorkStations/massimo_chip
++ PROJECT=histone_marks
++ '[' '!' -z histone_marks ']'
++ '[' '!' -d /home/hanat/WorkStations/massimo_chip/histone_marks ']'
++ OUTPUT_DIR=/home/hanat/WorkStations/massimo_chip/histone_marks
++ QC=0
++ MAPPING=0
++ PEAKCALLING=1
++ FASTQC_BIN=/usr/bin/fastqc
++ QC_ADAPTER=/home/hanat/WorkStations/chip_seq_bash/fastqc_config/adapter_list.txt
++ QC_CONTAMINATION=/home/hanat/WorkStations/chip_seq_bash/fastqc_config/contaminant_list.txt
++ QC_LIMIT=/home/hanat/WorkStations/chip_seq_bash/fastqc_config/limits.txt
++ SAMTOOLS_BIN=/usr/local/bin/samtools
++ BWA_BIN=/usr/local/bin/bwa
++ NUM_OF_PROCESS_BWA=2
++ REF_GENOME=/home/hanat/WorkStations/hg19/hg19_ercc92.fa
++ BEDTOOLS_BIN=/usr/local/bin/bedtools
++ DECOMPRESS=/bin/zcat
++ MACS2_BIN=/home/hanat/anaconda2/bin/macs2
++ cat input_sra_list.txt
++ cut -f1
+ for fq in '`cat $input_list_fq | cut -f1`'
+ '[' 0 -eq 1 ']'
+ '[' 0 -eq 1 ']'
+ for fq in '`cat $input_list_fq | cut -f1`'
+ '[' 0 -eq 1 ']'
+ '[' 0 -eq 1 ']'
+ for fq in '`cat $input_list_fq | cut -f1`'
+ '[' 0 -eq 1 ']'
+ '[' 0 -eq 1 ']'
+ '[' 1 -eq 1 ']'
++ cut -f3
++ cat input_sra_list.txt
+ for e_name in '`cat $input_list_fq | cut -f3`'
++ cat input_sra_list.txt
++ grep d0_rep1_h3k27ac_srx2004303
++ wc -l
+ count_e=1
+ '[' 1 -eq 2 ']'
++ cat input_sra_list.txt
++ cut -d. -f1
++ grep d0_rep1_h3k27ac_srx2004303
++ awk '$2=="T"'
++ cut -f1
+ treat=SRR4004156
+ '[' '!' -z SRR4004156 ']'
+ run_macs2 SRR4004156 NA d0_rep1_h3k27ac_srx2004303
+ local treat=SRR4004156
+ local control=NA
+ local experiment=d0_rep1_h3k27ac_srx2004303
+ '[' '!' -d /home/hanat/WorkStations/massimo_chip/histone_marks/macs2 ']'
+ '[' NA == NA ']'
+ /home/hanat/anaconda2/bin/macs2 callpeak -t /home/hanat/WorkStations/massimo_chip/histone_marks/alignment/SRR4004156.bam -n d0_rep1_h3k27ac_srx2004303 -q 0.1 -g hs --outdir /home/hanat/WorkStations/massimo_chip/histone_marks/macs2
INFO  @ Thu, 09 Mar 2017 23:33:51: 
# Command line: callpeak -t /home/hanat/WorkStations/massimo_chip/histone_marks/alignment/SRR4004156.bam -n d0_rep1_h3k27ac_srx2004303 -q 0.1 -g hs --outdir /home/hanat/WorkStations/massimo_chip/histone_marks/macs2
# ARGUMENTS LIST:
# name = d0_rep1_h3k27ac_srx2004303
# format = AUTO
# ChIP-seq file = ['/home/hanat/WorkStations/massimo_chip/histone_marks/alignment/SRR4004156.bam']
# control file = None
# effective genome size = 2.70e+09
# band width = 300
# model fold = [5, 50]
# qvalue cutoff = 1.00e-01
# Larger dataset will be scaled towards smaller dataset.
# Range for calculating regional lambda is: 10000 bps
# Broad region calling is off
 
INFO  @ Thu, 09 Mar 2017 23:33:51: #1 read tag files... 
INFO  @ Thu, 09 Mar 2017 23:33:51: #1 read treatment tags... 
INFO  @ Thu, 09 Mar 2017 23:33:51: Detected format is: BAM 
INFO  @ Thu, 09 Mar 2017 23:33:51: * Input file is gzipped. 
INFO  @ Thu, 09 Mar 2017 23:33:58:  1000000 
INFO  @ Thu, 09 Mar 2017 23:34:05:  2000000 
INFO  @ Thu, 09 Mar 2017 23:34:12:  3000000 
INFO  @ Thu, 09 Mar 2017 23:34:18:  4000000 
INFO  @ Thu, 09 Mar 2017 23:34:25:  5000000 
INFO  @ Thu, 09 Mar 2017 23:34:32:  6000000 
INFO  @ Thu, 09 Mar 2017 23:34:39:  7000000 
INFO  @ Thu, 09 Mar 2017 23:34:46:  8000000 
INFO  @ Thu, 09 Mar 2017 23:34:53:  9000000 
INFO  @ Thu, 09 Mar 2017 23:35:00:  10000000 
INFO  @ Thu, 09 Mar 2017 23:35:07:  11000000 
INFO  @ Thu, 09 Mar 2017 23:35:14:  12000000 
INFO  @ Thu, 09 Mar 2017 23:35:21:  13000000 
INFO  @ Thu, 09 Mar 2017 23:35:28:  14000000 
INFO  @ Thu, 09 Mar 2017 23:35:35:  15000000 
INFO  @ Thu, 09 Mar 2017 23:35:42:  16000000 
INFO  @ Thu, 09 Mar 2017 23:35:50:  17000000 
INFO  @ Thu, 09 Mar 2017 23:35:58:  18000000 
INFO  @ Thu, 09 Mar 2017 23:36:06:  19000000 
INFO  @ Thu, 09 Mar 2017 23:36:14:  20000000 
INFO  @ Thu, 09 Mar 2017 23:36:22:  21000000 
INFO  @ Thu, 09 Mar 2017 23:36:30:  22000000 
INFO  @ Thu, 09 Mar 2017 23:36:38:  23000000 
INFO  @ Thu, 09 Mar 2017 23:36:47:  24000000 
INFO  @ Thu, 09 Mar 2017 23:36:55:  25000000 
INFO  @ Thu, 09 Mar 2017 23:37:03:  26000000 
INFO  @ Thu, 09 Mar 2017 23:37:07:  27000000 
INFO  @ Thu, 09 Mar 2017 23:37:09: #1 tag size is determined as 54 bps 
INFO  @ Thu, 09 Mar 2017 23:37:09: #1 tag size = 54 
INFO  @ Thu, 09 Mar 2017 23:37:09: #1  total tags in treatment: 25260674 
INFO  @ Thu, 09 Mar 2017 23:37:09: #1 user defined the maximum tags... 
INFO  @ Thu, 09 Mar 2017 23:37:09: #1 filter out redundant tags at the same location and the same strand by allowing at most 1 tag(s) 
INFO  @ Thu, 09 Mar 2017 23:37:10: #1  tags after filtering in treatment: 25260674 
INFO  @ Thu, 09 Mar 2017 23:37:10: #1  Redundant rate of treatment: 0.00 
INFO  @ Thu, 09 Mar 2017 23:37:10: #1 finished! 
INFO  @ Thu, 09 Mar 2017 23:37:10: #2 Build Peak Model... 
INFO  @ Thu, 09 Mar 2017 23:37:10: #2 looking for paired plus/minus strand peaks... 
INFO  @ Thu, 09 Mar 2017 23:37:20: #2 number of paired peaks: 83633 
INFO  @ Thu, 09 Mar 2017 23:37:20: start model_add_line... 
INFO  @ Thu, 09 Mar 2017 23:37:22: start X-correlation... 
INFO  @ Thu, 09 Mar 2017 23:37:22: end of X-cor 
INFO  @ Thu, 09 Mar 2017 23:37:22: #2 finished! 
INFO  @ Thu, 09 Mar 2017 23:37:22: #2 predicted fragment length is 176 bps 
INFO  @ Thu, 09 Mar 2017 23:37:22: #2 alternative fragment length(s) may be 176 bps 
INFO  @ Thu, 09 Mar 2017 23:37:22: #2.2 Generate R script for model : /home/hanat/WorkStations/massimo_chip/histone_marks/macs2/d0_rep1_h3k27ac_srx2004303_model.r 
INFO  @ Thu, 09 Mar 2017 23:37:22: #3 Call peaks... 
INFO  @ Thu, 09 Mar 2017 23:37:22: #3 Pre-compute pvalue-qvalue table... 
INFO  @ Thu, 09 Mar 2017 23:39:11: #3 Call peaks for each chromosome... 
INFO  @ Thu, 09 Mar 2017 23:40:10: #4 Write output xls file... /home/hanat/WorkStations/massimo_chip/histone_marks/macs2/d0_rep1_h3k27ac_srx2004303_peaks.xls 
INFO  @ Thu, 09 Mar 2017 23:40:11: #4 Write peak in narrowPeak format file... /home/hanat/WorkStations/massimo_chip/histone_marks/macs2/d0_rep1_h3k27ac_srx2004303_peaks.narrowPeak 
INFO  @ Thu, 09 Mar 2017 23:40:12: #4 Write summits bed file... /home/hanat/WorkStations/massimo_chip/histone_marks/macs2/d0_rep1_h3k27ac_srx2004303_summits.bed 
INFO  @ Thu, 09 Mar 2017 23:40:13: Done! 
+ for e_name in '`cat $input_list_fq | cut -f3`'
++ cat input_sra_list.txt
++ grep RPMI_1h_rep2_h3k27ac_srx2004311
++ wc -l
+ count_e=1
+ '[' 1 -eq 2 ']'
++ cat input_sra_list.txt
++ grep RPMI_1h_rep2_h3k27ac_srx2004311
++ awk '$2=="T"'
++ cut -f1
++ cut -d. -f1
+ treat=SRR4004164
+ '[' '!' -z SRR4004164 ']'
+ run_macs2 SRR4004164 NA RPMI_1h_rep2_h3k27ac_srx2004311
+ local treat=SRR4004164
+ local control=NA
+ local experiment=RPMI_1h_rep2_h3k27ac_srx2004311
+ '[' '!' -d /home/hanat/WorkStations/massimo_chip/histone_marks/macs2 ']'
+ '[' NA == NA ']'
+ /home/hanat/anaconda2/bin/macs2 callpeak -t /home/hanat/WorkStations/massimo_chip/histone_marks/alignment/SRR4004164.bam -n RPMI_1h_rep2_h3k27ac_srx2004311 -q 0.1 -g hs --outdir /home/hanat/WorkStations/massimo_chip/histone_marks/macs2
INFO  @ Thu, 09 Mar 2017 23:40:15: 
# Command line: callpeak -t /home/hanat/WorkStations/massimo_chip/histone_marks/alignment/SRR4004164.bam -n RPMI_1h_rep2_h3k27ac_srx2004311 -q 0.1 -g hs --outdir /home/hanat/WorkStations/massimo_chip/histone_marks/macs2
# ARGUMENTS LIST:
# name = RPMI_1h_rep2_h3k27ac_srx2004311
# format = AUTO
# ChIP-seq file = ['/home/hanat/WorkStations/massimo_chip/histone_marks/alignment/SRR4004164.bam']
# control file = None
# effective genome size = 2.70e+09
# band width = 300
# model fold = [5, 50]
# qvalue cutoff = 1.00e-01
# Larger dataset will be scaled towards smaller dataset.
# Range for calculating regional lambda is: 10000 bps
# Broad region calling is off
 
INFO  @ Thu, 09 Mar 2017 23:40:15: #1 read tag files... 
INFO  @ Thu, 09 Mar 2017 23:40:15: #1 read treatment tags... 
INFO  @ Thu, 09 Mar 2017 23:40:15: Detected format is: BAM 
INFO  @ Thu, 09 Mar 2017 23:40:15: * Input file is gzipped. 
INFO  @ Thu, 09 Mar 2017 23:40:22:  1000000 
INFO  @ Thu, 09 Mar 2017 23:40:29:  2000000 
INFO  @ Thu, 09 Mar 2017 23:40:36:  3000000 
INFO  @ Thu, 09 Mar 2017 23:40:44:  4000000 
INFO  @ Thu, 09 Mar 2017 23:40:50:  5000000 
INFO  @ Thu, 09 Mar 2017 23:40:59:  6000000 
INFO  @ Thu, 09 Mar 2017 23:41:08:  7000000 
INFO  @ Thu, 09 Mar 2017 23:41:18:  8000000 
INFO  @ Thu, 09 Mar 2017 23:41:28:  9000000 
INFO  @ Thu, 09 Mar 2017 23:41:37:  10000000 
INFO  @ Thu, 09 Mar 2017 23:41:47:  11000000 
INFO  @ Thu, 09 Mar 2017 23:41:56:  12000000 
INFO  @ Thu, 09 Mar 2017 23:42:06:  13000000 
INFO  @ Thu, 09 Mar 2017 23:42:15:  14000000 
INFO  @ Thu, 09 Mar 2017 23:42:25:  15000000 
INFO  @ Thu, 09 Mar 2017 23:42:35:  16000000 
INFO  @ Thu, 09 Mar 2017 23:42:44:  17000000 
INFO  @ Thu, 09 Mar 2017 23:42:54:  18000000 
INFO  @ Thu, 09 Mar 2017 23:43:03:  19000000 
INFO  @ Thu, 09 Mar 2017 23:43:13:  20000000 
INFO  @ Thu, 09 Mar 2017 23:43:22:  21000000 
INFO  @ Thu, 09 Mar 2017 23:43:32:  22000000 
INFO  @ Thu, 09 Mar 2017 23:43:42:  23000000 
INFO  @ Thu, 09 Mar 2017 23:43:51:  24000000 
INFO  @ Thu, 09 Mar 2017 23:44:01:  25000000 
INFO  @ Thu, 09 Mar 2017 23:44:11:  26000000 
INFO  @ Thu, 09 Mar 2017 23:44:20:  27000000 
INFO  @ Thu, 09 Mar 2017 23:44:30:  28000000 
INFO  @ Thu, 09 Mar 2017 23:44:39:  29000000 
INFO  @ Thu, 09 Mar 2017 23:44:49:  30000000 
INFO  @ Thu, 09 Mar 2017 23:44:57:  31000000 
INFO  @ Thu, 09 Mar 2017 23:44:59: #1 tag size is determined as 42 bps 
INFO  @ Thu, 09 Mar 2017 23:44:59: #1 tag size = 42 
INFO  @ Thu, 09 Mar 2017 23:44:59: #1  total tags in treatment: 30447251 
INFO  @ Thu, 09 Mar 2017 23:44:59: #1 user defined the maximum tags... 
INFO  @ Thu, 09 Mar 2017 23:44:59: #1 filter out redundant tags at the same location and the same strand by allowing at most 1 tag(s) 
INFO  @ Thu, 09 Mar 2017 23:45:01: #1  tags after filtering in treatment: 30447251 
INFO  @ Thu, 09 Mar 2017 23:45:01: #1  Redundant rate of treatment: 0.00 
INFO  @ Thu, 09 Mar 2017 23:45:01: #1 finished! 
INFO  @ Thu, 09 Mar 2017 23:45:01: #2 Build Peak Model... 
INFO  @ Thu, 09 Mar 2017 23:45:01: #2 looking for paired plus/minus strand peaks... 
INFO  @ Thu, 09 Mar 2017 23:45:17: #2 number of paired peaks: 104306 
INFO  @ Thu, 09 Mar 2017 23:45:17: start model_add_line... 
INFO  @ Thu, 09 Mar 2017 23:45:19: start X-correlation... 
INFO  @ Thu, 09 Mar 2017 23:45:19: end of X-cor 
INFO  @ Thu, 09 Mar 2017 23:45:19: #2 finished! 
INFO  @ Thu, 09 Mar 2017 23:45:19: #2 predicted fragment length is 205 bps 
INFO  @ Thu, 09 Mar 2017 23:45:19: #2 alternative fragment length(s) may be 205 bps 
INFO  @ Thu, 09 Mar 2017 23:45:19: #2.2 Generate R script for model : /home/hanat/WorkStations/massimo_chip/histone_marks/macs2/RPMI_1h_rep2_h3k27ac_srx2004311_model.r 
INFO  @ Thu, 09 Mar 2017 23:45:19: #3 Call peaks... 
INFO  @ Thu, 09 Mar 2017 23:45:19: #3 Pre-compute pvalue-qvalue table... 
INFO  @ Thu, 09 Mar 2017 23:48:02: #3 Call peaks for each chromosome... 
INFO  @ Thu, 09 Mar 2017 23:49:38: #4 Write output xls file... /home/hanat/WorkStations/massimo_chip/histone_marks/macs2/RPMI_1h_rep2_h3k27ac_srx2004311_peaks.xls 
INFO  @ Thu, 09 Mar 2017 23:49:39: #4 Write peak in narrowPeak format file... /home/hanat/WorkStations/massimo_chip/histone_marks/macs2/RPMI_1h_rep2_h3k27ac_srx2004311_peaks.narrowPeak 
INFO  @ Thu, 09 Mar 2017 23:49:40: #4 Write summits bed file... /home/hanat/WorkStations/massimo_chip/histone_marks/macs2/RPMI_1h_rep2_h3k27ac_srx2004311_summits.bed 
INFO  @ Thu, 09 Mar 2017 23:49:41: Done! 
+ for e_name in '`cat $input_list_fq | cut -f3`'
++ cat input_sra_list.txt
++ grep LPS_d6_rep2_h3k27ac_srx2004320
++ wc -l
+ count_e=1
+ '[' 1 -eq 2 ']'
++ cat input_sra_list.txt
++ cut -f1
++ cut -d. -f1
++ grep LPS_d6_rep2_h3k27ac_srx2004320
++ awk '$2=="T"'
+ treat=SRR4004173
+ '[' '!' -z SRR4004173 ']'
+ run_macs2 SRR4004173 NA LPS_d6_rep2_h3k27ac_srx2004320
+ local treat=SRR4004173
+ local control=NA
+ local experiment=LPS_d6_rep2_h3k27ac_srx2004320
+ '[' '!' -d /home/hanat/WorkStations/massimo_chip/histone_marks/macs2 ']'
+ '[' NA == NA ']'
+ /home/hanat/anaconda2/bin/macs2 callpeak -t /home/hanat/WorkStations/massimo_chip/histone_marks/alignment/SRR4004173.bam -n LPS_d6_rep2_h3k27ac_srx2004320 -q 0.1 -g hs --outdir /home/hanat/WorkStations/massimo_chip/histone_marks/macs2
INFO  @ Thu, 09 Mar 2017 23:49:44: 
# Command line: callpeak -t /home/hanat/WorkStations/massimo_chip/histone_marks/alignment/SRR4004173.bam -n LPS_d6_rep2_h3k27ac_srx2004320 -q 0.1 -g hs --outdir /home/hanat/WorkStations/massimo_chip/histone_marks/macs2
# ARGUMENTS LIST:
# name = LPS_d6_rep2_h3k27ac_srx2004320
# format = AUTO
# ChIP-seq file = ['/home/hanat/WorkStations/massimo_chip/histone_marks/alignment/SRR4004173.bam']
# control file = None
# effective genome size = 2.70e+09
# band width = 300
# model fold = [5, 50]
# qvalue cutoff = 1.00e-01
# Larger dataset will be scaled towards smaller dataset.
# Range for calculating regional lambda is: 10000 bps
# Broad region calling is off
 
INFO  @ Thu, 09 Mar 2017 23:49:44: #1 read tag files... 
INFO  @ Thu, 09 Mar 2017 23:49:44: #1 read treatment tags... 
INFO  @ Thu, 09 Mar 2017 23:49:44: Detected format is: BAM 
INFO  @ Thu, 09 Mar 2017 23:49:44: * Input file is gzipped. 
INFO  @ Thu, 09 Mar 2017 23:49:53:  1000000 
INFO  @ Thu, 09 Mar 2017 23:50:03:  2000000 
INFO  @ Thu, 09 Mar 2017 23:50:12:  3000000 
INFO  @ Thu, 09 Mar 2017 23:50:22:  4000000 
INFO  @ Thu, 09 Mar 2017 23:50:31:  5000000 
INFO  @ Thu, 09 Mar 2017 23:50:40:  6000000 
INFO  @ Thu, 09 Mar 2017 23:50:50:  7000000 
INFO  @ Thu, 09 Mar 2017 23:50:59:  8000000 
INFO  @ Thu, 09 Mar 2017 23:51:09:  9000000 
INFO  @ Thu, 09 Mar 2017 23:51:18:  10000000 
INFO  @ Thu, 09 Mar 2017 23:51:27:  11000000 
INFO  @ Thu, 09 Mar 2017 23:51:37:  12000000 
INFO  @ Thu, 09 Mar 2017 23:51:46:  13000000 
INFO  @ Thu, 09 Mar 2017 23:51:56:  14000000 
INFO  @ Thu, 09 Mar 2017 23:52:05:  15000000 
INFO  @ Thu, 09 Mar 2017 23:52:14:  16000000 
INFO  @ Thu, 09 Mar 2017 23:52:24:  17000000 
INFO  @ Thu, 09 Mar 2017 23:52:33:  18000000 
INFO  @ Thu, 09 Mar 2017 23:52:43:  19000000 
INFO  @ Thu, 09 Mar 2017 23:52:52:  20000000 
INFO  @ Thu, 09 Mar 2017 23:53:02:  21000000 
INFO  @ Thu, 09 Mar 2017 23:53:11:  22000000 
INFO  @ Thu, 09 Mar 2017 23:53:20:  23000000 
INFO  @ Thu, 09 Mar 2017 23:53:30:  24000000 
INFO  @ Thu, 09 Mar 2017 23:53:39:  25000000 
INFO  @ Thu, 09 Mar 2017 23:53:42: #1 tag size is determined as 42 bps 
INFO  @ Thu, 09 Mar 2017 23:53:42: #1 tag size = 42 
INFO  @ Thu, 09 Mar 2017 23:53:42: #1  total tags in treatment: 24695271 
INFO  @ Thu, 09 Mar 2017 23:53:42: #1 user defined the maximum tags... 
INFO  @ Thu, 09 Mar 2017 23:53:42: #1 filter out redundant tags at the same location and the same strand by allowing at most 1 tag(s) 
INFO  @ Thu, 09 Mar 2017 23:53:43: #1  tags after filtering in treatment: 24695271 
INFO  @ Thu, 09 Mar 2017 23:53:43: #1  Redundant rate of treatment: 0.00 
INFO  @ Thu, 09 Mar 2017 23:53:43: #1 finished! 
INFO  @ Thu, 09 Mar 2017 23:53:43: #2 Build Peak Model... 
INFO  @ Thu, 09 Mar 2017 23:53:43: #2 looking for paired plus/minus strand peaks... 
INFO  @ Thu, 09 Mar 2017 23:53:58: #2 number of paired peaks: 104013 
INFO  @ Thu, 09 Mar 2017 23:53:58: start model_add_line... 
INFO  @ Thu, 09 Mar 2017 23:54:00: start X-correlation... 
INFO  @ Thu, 09 Mar 2017 23:54:00: end of X-cor 
INFO  @ Thu, 09 Mar 2017 23:54:00: #2 finished! 
INFO  @ Thu, 09 Mar 2017 23:54:00: #2 predicted fragment length is 177 bps 
INFO  @ Thu, 09 Mar 2017 23:54:00: #2 alternative fragment length(s) may be 177 bps 
INFO  @ Thu, 09 Mar 2017 23:54:00: #2.2 Generate R script for model : /home/hanat/WorkStations/massimo_chip/histone_marks/macs2/LPS_d6_rep2_h3k27ac_srx2004320_model.r 
INFO  @ Thu, 09 Mar 2017 23:54:00: #3 Call peaks... 
INFO  @ Thu, 09 Mar 2017 23:54:00: #3 Pre-compute pvalue-qvalue table... 
INFO  @ Thu, 09 Mar 2017 23:56:07: #3 Call peaks for each chromosome... 
INFO  @ Thu, 09 Mar 2017 23:57:28: #4 Write output xls file... /home/hanat/WorkStations/massimo_chip/histone_marks/macs2/LPS_d6_rep2_h3k27ac_srx2004320_peaks.xls 
INFO  @ Thu, 09 Mar 2017 23:57:30: #4 Write peak in narrowPeak format file... /home/hanat/WorkStations/massimo_chip/histone_marks/macs2/LPS_d6_rep2_h3k27ac_srx2004320_peaks.narrowPeak 
INFO  @ Thu, 09 Mar 2017 23:57:31: #4 Write summits bed file... /home/hanat/WorkStations/massimo_chip/histone_marks/macs2/LPS_d6_rep2_h3k27ac_srx2004320_summits.bed 
INFO  @ Thu, 09 Mar 2017 23:57:31: Done! 
